<?xml version="1.0" encoding="UTF-8"?>
<testsuite name="utilities.HttpRequestValidatorTest" tests="3" skipped="0" failures="0" errors="0" timestamp="2020-01-08T22:41:05" hostname="C02Y30BAJG5J" time="0.006">
  <properties/>
  <testcase name="shouldReturnFalse_WhenAddressEndsWithInvalidIDRequest" classname="utilities.HttpRequestValidatorTest" time="0.005"/>
  <testcase name="shouldReturnTrue_WhenRequestAddressIsAllUsers" classname="utilities.HttpRequestValidatorTest" time="0.0"/>
  <testcase name="shouldReturnTrue_WhenAddressEndsWithValidIDRequest" classname="utilities.HttpRequestValidatorTest" time="0.001"/>
  <system-out><![CDATA[]]></system-out>
  <system-err><![CDATA[]]></system-err>
</testsuite>
