<?xml version="1.0" encoding="UTF-8"?>
<testsuite name="handlers.DeleteUserHandlerTest" tests="3" skipped="0" failures="0" errors="0" timestamp="2020-01-08T23:28:52" hostname="C02Y30BAJG5J" time="4.097">
  <properties/>
  <testcase name="shouldDeleteFromDB_WhenGivenID" classname="handlers.DeleteUserHandlerTest" time="2.021"/>
  <testcase name="shouldDisplayError_WhenGivenWrongID" classname="handlers.DeleteUserHandlerTest" time="1.036"/>
  <testcase name="shouldDisplaySuccessMessage_WhenDeletingWithID" classname="handlers.DeleteUserHandlerTest" time="1.04"/>
  <system-out><![CDATA[Server Created
Put handler method
Server Created
Server Created
Put handler method
]]></system-out>
  <system-err><![CDATA[]]></system-err>
</testsuite>
