<?xml version="1.0" encoding="UTF-8"?>
<testsuite name="utilities.UserStringFormatterTest" tests="1" skipped="0" failures="0" errors="0" timestamp="2020-02-17T14:05:14" hostname="C02Y30BAJG5J" time="0.001">
  <properties/>
  <testcase name="shouldFormatNamesWithAppropriateSeparators_WhenGivenNamesFromDB" classname="utilities.UserStringFormatterTest" time="0.001"/>
  <system-out><![CDATA[]]></system-out>
  <system-err><![CDATA[]]></system-err>
</testsuite>
