<?xml version="1.0" encoding="UTF-8"?>
<testsuite name="db.UserDBTest" tests="1" skipped="0" failures="0" errors="0" timestamp="2020-01-08T22:41:05" hostname="C02Y30BAJG5J" time="0.002">
  <properties/>
  <testcase name="shouldAddToDB_WhenAddingUser" classname="db.UserDBTest" time="0.002"/>
  <system-out><![CDATA[]]></system-out>
  <system-err><![CDATA[]]></system-err>
</testsuite>
