<?xml version="1.0" encoding="UTF-8"?>
<testsuite name="handlers.PutUserHandlerTest" tests="2" skipped="0" failures="0" errors="0" timestamp="2020-01-08T22:41:09" hostname="C02Y30BAJG5J" time="2.082">
  <properties/>
  <testcase name="putEndpointShouldFailWithWrongID" classname="handlers.PutUserHandlerTest" time="1.04"/>
  <testcase name="putEndpointUpdatesUserName" classname="handlers.PutUserHandlerTest" time="1.042"/>
  <system-out><![CDATA[Server Created
GetUser handler method
Server Created
Put handler method
GetUser handler method
]]></system-out>
  <system-err><![CDATA[]]></system-err>
</testsuite>
