<?xml version="1.0" encoding="UTF-8"?>
<testsuite name="domain.UserServiceTest" tests="1" skipped="0" failures="0" errors="0" timestamp="2020-02-18T00:44:16" hostname="C02Y30BAJG5J" time="1.066">
  <properties/>
  <testcase name="shouldThrowException_WhenCallingUpdateByIDWithWrongID" classname="domain.UserServiceTest" time="1.066"/>
  <system-out><![CDATA[Server Connection Created
]]></system-out>
  <system-err><![CDATA[]]></system-err>
</testsuite>
