<?xml version="1.0" encoding="UTF-8"?>
<testsuite name="handlers.PostUserTest" tests="1" skipped="0" failures="0" errors="0" timestamp="2020-01-30T04:59:28" hostname="C02Y30BAJG5J" time="1.04">
  <properties/>
  <testcase name="postEndpointAddsToData" classname="handlers.PostUserTest" time="1.04"/>
  <system-out><![CDATA[Server Connection Created
]]></system-out>
  <system-err><![CDATA[]]></system-err>
</testsuite>
