<?xml version="1.0" encoding="UTF-8"?>
<testsuite name="utilities.HttpUtilsTest" tests="2" skipped="0" failures="0" errors="0" timestamp="2020-02-17T14:05:14" hostname="C02Y30BAJG5J" time="0.006">
  <properties/>
  <testcase name="shouldExtractIDFromPath_WhenGivenStringOfPath" classname="utilities.HttpUtilsTest" time="0.0"/>
  <testcase name="shouldGetRequestFromBody_WhenGivenHTTPExchange" classname="utilities.HttpUtilsTest" time="0.005"/>
  <system-out><![CDATA[]]></system-out>
  <system-err><![CDATA[]]></system-err>
</testsuite>
