<?xml version="1.0" encoding="UTF-8"?>
<testsuite name="handlers.PutUserTest" tests="3" skipped="0" failures="0" errors="0" timestamp="2020-02-17T14:05:20" hostname="C02Y30BAJG5J" time="4.34">
  <properties/>
  <testcase name="shouldDisplayErrorMessage_WhenTryingToUpdateAdminUser" classname="handlers.PutUserTest" time="2.251"/>
  <testcase name="putEndpointShouldFailWithWrongID" classname="handlers.PutUserTest" time="1.043"/>
  <testcase name="putEndpointUpdatesUserName" classname="handlers.PutUserTest" time="1.046"/>
  <system-out><![CDATA[Server Connection Created
Server Connection Created
Server Connection Created
]]></system-out>
  <system-err><![CDATA[]]></system-err>
</testsuite>
