<?xml version="1.0" encoding="UTF-8"?>
<testsuite name="handlers.GetUserTest" tests="3" skipped="0" failures="0" errors="0" timestamp="2020-02-17T14:05:26" hostname="C02Y30BAJG5J" time="3.094">
  <properties/>
  <testcase name="shouldReturnAllUsers_WhenHittingUsersEndpoint" classname="handlers.GetUserTest" time="1.038"/>
  <testcase name="shouldReturnErrorBody_WhenGivenWrongID" classname="handlers.GetUserTest" time="1.021"/>
  <testcase name="shouldGetUser_WhenGivenID" classname="handlers.GetUserTest" time="1.034"/>
  <system-out><![CDATA[Server Connection Created
Server Connection Created
Server Connection Created
]]></system-out>
  <system-err><![CDATA[]]></system-err>
</testsuite>
