<?xml version="1.0" encoding="UTF-8"?>
<testsuite name="handlers.GreetingTest" tests="3" skipped="0" failures="0" errors="0" timestamp="2020-01-29T04:11:18" hostname="C02Y30BAJG5J" time="3.101">
  <properties/>
  <testcase name="shouldDisplayAdminInGreeting_WhenHittingRootEndpoint" classname="handlers.GreetingTest" time="1.028"/>
  <testcase name="shouldDisplayGreeting_WhenHittingRootEndpoint" classname="handlers.GreetingTest" time="1.026"/>
  <testcase name="shouldDisplayAllUsersInGreeting_WhenDBHasMoreUsers" classname="handlers.GreetingTest" time="1.046"/>
  <system-out><![CDATA[com.sun.net.httpserver.Headers@8283aa9
com.sun.net.httpserver.Headers@8283aa9
com.sun.net.httpserver.Headers@8283aa9
]]></system-out>
  <system-err><![CDATA[]]></system-err>
</testsuite>
