<?xml version="1.0" encoding="UTF-8"?>
<testsuite name="utilities.HttpUtilsTest" tests="2" skipped="0" failures="0" errors="0" timestamp="2020-01-29T05:22:26" hostname="C02Y30BAJG5J" time="0.001">
  <properties/>
  <testcase name="shouldExtractIDFromPath_WhenGivenStringOfPath" classname="utilities.HttpUtilsTest" time="0.0"/>
  <testcase name="shouldGetRequestFromBody_WhenGivenHTTPExchange" classname="utilities.HttpUtilsTest" time="0.001"/>
  <system-out><![CDATA[]]></system-out>
  <system-err><![CDATA[]]></system-err>
</testsuite>
