<?xml version="1.0" encoding="UTF-8"?>
<testsuite name="db.UserDBTest" tests="2" skipped="0" failures="0" errors="0" timestamp="2020-01-06T02:07:25" hostname="C02Y30BAJG5J" time="0.001">
  <properties/>
  <testcase name="shouldAddAdmin_WhenDBInstantiates" classname="db.UserDBTest" time="0.0"/>
  <testcase name="shouldAddToDB_WhenAddingUser" classname="db.UserDBTest" time="0.0"/>
  <system-out><![CDATA[]]></system-out>
  <system-err><![CDATA[]]></system-err>
</testsuite>
