<?xml version="1.0" encoding="UTF-8"?>
<testsuite name="handlers.GreetingTest" tests="3" skipped="0" failures="0" errors="0" timestamp="2020-02-17T14:05:29" hostname="C02Y30BAJG5J" time="3.087">
  <properties/>
  <testcase name="shouldDisplayAdminInGreeting_WhenHittingRootEndpoint" classname="handlers.GreetingTest" time="1.025"/>
  <testcase name="shouldDisplayGreeting_WhenHittingRootEndpoint" classname="handlers.GreetingTest" time="1.022"/>
  <testcase name="shouldDisplayAllUsersInGreeting_WhenDBHasMoreUsers" classname="handlers.GreetingTest" time="1.04"/>
  <system-out><![CDATA[Server Connection Created
Server Connection Created
Server Connection Created
]]></system-out>
  <system-err><![CDATA[]]></system-err>
</testsuite>
