<?xml version="1.0" encoding="UTF-8"?>
<testsuite name="utilities.UserStringFormatterTest" tests="1" skipped="0" failures="0" errors="0" timestamp="2020-01-13T13:28:21" hostname="C02Y30BAJG5J" time="0.002">
  <properties/>
  <testcase name="shouldFormatNamesWithAppropriateSeparators_WhenGivenNamesFromDB" classname="utilities.UserStringFormatterTest" time="0.002"/>
  <system-out><![CDATA[]]></system-out>
  <system-err><![CDATA[]]></system-err>
</testsuite>
