<?xml version="1.0" encoding="UTF-8"?>
<testsuite name="utilities.HttpUtilsTest" tests="2" skipped="0" failures="0" errors="0" timestamp="2020-01-06T02:07:23" hostname="C02Y30BAJG5J" time="2.065">
  <properties/>
  <testcase name="shouldExtractIDFromPath_WhenGivenStringOfPathh" classname="utilities.HttpUtilsTest" time="1.04"/>
  <testcase name="shouldGetRequestFromBody_WhenGivenHTTPExchange" classname="utilities.HttpUtilsTest" time="1.024"/>
  <system-out><![CDATA[Database created
Server created.
Root endpoint created
User endpoint created.
Server created.
Database created
Server created.
Root endpoint created
User endpoint created.
Server created.
]]></system-out>
  <system-err><![CDATA[]]></system-err>
</testsuite>
