<?xml version="1.0" encoding="UTF-8"?>
<testsuite name="domain.UserServiceTest" tests="7" skipped="0" failures="0" errors="0" timestamp="2020-01-30T04:59:17" hostname="C02Y30BAJG5J" time="7.154">
  <properties/>
  <testcase name="shouldReturnTrueForUpdateRequestContainingOriginalName_WhenUpdatingUserNameWithUserService" classname="domain.UserServiceTest" time="1.049"/>
  <testcase name="shouldReturnTrue_WhenUserExistsInDB" classname="domain.UserServiceTest" time="1.017"/>
  <testcase name="shouldCreateUser_WhenCallingUserServiceCreate" classname="domain.UserServiceTest" time="1.017"/>
  <testcase name="shouldGetUserByID_WhenCallingUserServiceReadUser" classname="domain.UserServiceTest" time="1.019"/>
  <testcase name="shouldUpdateUserName_WhenCallingUserServiceUpdate" classname="domain.UserServiceTest" time="1.016"/>
  <testcase name="shouldRemoveUser_WhenUsingIDWithUserService" classname="domain.UserServiceTest" time="1.015"/>
  <testcase name="shouldDisplayAllUsers_WhenCallingUserServiceRead" classname="domain.UserServiceTest" time="1.019"/>
  <system-out><![CDATA[Server Connection Created
Server Connection Created
Server Connection Created
Server Connection Created
Server Connection Created
Server Connection Created
Server Connection Created
]]></system-out>
  <system-err><![CDATA[]]></system-err>
</testsuite>
