<?xml version="1.0" encoding="UTF-8"?>
<testsuite name="handlers.GetUserHandlerTest" tests="3" skipped="0" failures="0" errors="0" timestamp="2020-01-06T02:07:31" hostname="C02Y30BAJG5J" time="3.091">
  <properties/>
  <testcase name="shouldReturnAllUsers_WhenHittingUsersEndpoint" classname="handlers.GetUserHandlerTest" time="1.03"/>
  <testcase name="shouldReturnErrorBody_WhenGivenWrongID" classname="handlers.GetUserHandlerTest" time="1.026"/>
  <testcase name="shouldGetUser_WhenGivenID" classname="handlers.GetUserHandlerTest" time="1.033"/>
  <system-out><![CDATA[Database created
Server created.
Root endpoint created
User endpoint created.
Server created.
Users Controller handle method
Request handler method
Request method call
Put handler method
Users Controller handle method
Request handler method
Request method call
GetUser handler method
Database created
Server created.
Root endpoint created
User endpoint created.
Server created.
Users Controller handle method
Request handler method
Request method call
GetUser handler method
Database created
Server created.
Root endpoint created
User endpoint created.
Server created.
Users Controller handle method
Request handler method
Request method call
Put handler method
Users Controller handle method
Request handler method
Request method call
GetUser handler method
]]></system-out>
  <system-err><![CDATA[]]></system-err>
</testsuite>
