<?xml version="1.0" encoding="UTF-8"?>
<testsuite name="utilities.HttpUtilsTest" tests="2" skipped="0" failures="0" errors="0" timestamp="2020-01-08T22:41:05" hostname="C02Y30BAJG5J" time="0.009">
  <properties/>
  <testcase name="shouldExtractIDFromPath_WhenGivenStringOfPathh" classname="utilities.HttpUtilsTest" time="0.003"/>
  <testcase name="shouldGetRequestFromBody_WhenGivenHTTPExchange" classname="utilities.HttpUtilsTest" time="0.006"/>
  <system-out><![CDATA[]]></system-out>
  <system-err><![CDATA[]]></system-err>
</testsuite>
