<?xml version="1.0" encoding="UTF-8"?>
<testsuite name="handlers.PutUserTest" tests="3" skipped="0" failures="0" errors="0" timestamp="2020-01-29T05:22:12" hostname="C02Y30BAJG5J" time="4.225">
  <properties/>
  <testcase name="shouldFailTest_WhenTryingToUpdateAdminUser" classname="handlers.PutUserTest" time="2.134"/>
  <testcase name="putEndpointShouldFailWithWrongID" classname="handlers.PutUserTest" time="1.031"/>
  <testcase name="putEndpointUpdatesUserName" classname="handlers.PutUserTest" time="1.06"/>
  <system-out><![CDATA[Server Connection Created
Server Connection Created
Server Connection Created
]]></system-out>
  <system-err><![CDATA[]]></system-err>
</testsuite>
